{"/Users/victormussio/Desktop/Projects/Curso React/func-components-hooks-tests-prettier-eslint/src/index.js": {"path":"/Users/victormussio/Desktop/Projects/Curso React/func-components-hooks-tests-prettier-eslint/src/index.js","statementMap":{"0":{"start":{"line":6,"column":13},"end":{"line":6,"column":65}},"1":{"start":{"line":7,"column":0},"end":{"line":11,"column":2}}},"fnMap":{},"branchMap":{},"s":{"0":0,"1":0},"f":{},"b":{}}
,"/Users/victormussio/Desktop/Projects/Curso React/func-components-hooks-tests-prettier-eslint/src/components/Button/index.jsx": {"path":"/Users/victormussio/Desktop/Projects/Curso React/func-components-hooks-tests-prettier-eslint/src/components/Button/index.jsx","statementMap":{"0":{"start":{"line":4,"column":22},"end":{"line":10,"column":1}},"1":{"start":{"line":5,"column":2},"end":{"line":9,"column":4}},"2":{"start":{"line":12,"column":0},"end":{"line":14,"column":2}},"3":{"start":{"line":16,"column":0},"end":{"line":20,"column":2}}},"fnMap":{"0":{"name":"(anonymous_0)","decl":{"start":{"line":4,"column":22},"end":{"line":4,"column":23}},"loc":{"start":{"line":4,"column":59},"end":{"line":10,"column":1}},"line":4}},"branchMap":{},"s":{"0":2,"1":13,"2":2,"3":2},"f":{"0":13},"b":{},"_coverageSchema":"1a1c01bbd47fc00a2c39e90264f33305004495a9","hash":"259442b82027f3985bcf135303772e56836a3aaf"}
,"/Users/victormussio/Desktop/Projects/Curso React/func-components-hooks-tests-prettier-eslint/src/components/PostCard/index.jsx": {"path":"/Users/victormussio/Desktop/Projects/Curso React/func-components-hooks-tests-prettier-eslint/src/components/PostCard/index.jsx","statementMap":{"0":{"start":{"line":4,"column":24},"end":{"line":12,"column":1}},"1":{"start":{"line":5,"column":2},"end":{"line":11,"column":8}},"2":{"start":{"line":14,"column":0},"end":{"line":19,"column":2}}},"fnMap":{"0":{"name":"(anonymous_0)","decl":{"start":{"line":4,"column":24},"end":{"line":4,"column":25}},"loc":{"start":{"line":5,"column":2},"end":{"line":11,"column":8}},"line":5}},"branchMap":{},"s":{"0":3,"1":35,"2":3},"f":{"0":35},"b":{},"_coverageSchema":"1a1c01bbd47fc00a2c39e90264f33305004495a9","hash":"9fac17d36c257f192b793bbe2c8236a37f3d4261"}
,"/Users/victormussio/Desktop/Projects/Curso React/func-components-hooks-tests-prettier-eslint/src/components/Posts/index.jsx": {"path":"/Users/victormussio/Desktop/Projects/Curso React/func-components-hooks-tests-prettier-eslint/src/components/Posts/index.jsx","statementMap":{"0":{"start":{"line":5,"column":21},"end":{"line":11,"column":1}},"1":{"start":{"line":6,"column":2},"end":{"line":10,"column":8}},"2":{"start":{"line":8,"column":6},"end":{"line":8,"column":100}},"3":{"start":{"line":13,"column":0},"end":{"line":15,"column":2}},"4":{"start":{"line":17,"column":0},"end":{"line":26,"column":2}}},"fnMap":{"0":{"name":"(anonymous_0)","decl":{"start":{"line":5,"column":21},"end":{"line":5,"column":22}},"loc":{"start":{"line":6,"column":2},"end":{"line":10,"column":8}},"line":6},"1":{"name":"(anonymous_1)","decl":{"start":{"line":7,"column":15},"end":{"line":7,"column":16}},"loc":{"start":{"line":8,"column":6},"end":{"line":8,"column":100}},"line":8}},"branchMap":{"0":{"loc":{"start":{"line":5,"column":24},"end":{"line":5,"column":34}},"type":"default-arg","locations":[{"start":{"line":5,"column":32},"end":{"line":5,"column":34}}],"line":5}},"s":{"0":2,"1":14,"2":33,"3":2,"4":2},"f":{"0":14,"1":33},"b":{"0":[0]},"_coverageSchema":"1a1c01bbd47fc00a2c39e90264f33305004495a9","hash":"ebf0eda44c95cd4fe775de98e3a717c8c1dca66e"}
,"/Users/victormussio/Desktop/Projects/Curso React/func-components-hooks-tests-prettier-eslint/src/components/TextInput/index.jsx": {"path":"/Users/victormussio/Desktop/Projects/Curso React/func-components-hooks-tests-prettier-eslint/src/components/TextInput/index.jsx","statementMap":{"0":{"start":{"line":4,"column":25},"end":{"line":14,"column":1}},"1":{"start":{"line":5,"column":2},"end":{"line":13,"column":4}},"2":{"start":{"line":9,"column":23},"end":{"line":9,"column":38}},"3":{"start":{"line":16,"column":0},"end":{"line":19,"column":2}}},"fnMap":{"0":{"name":"(anonymous_0)","decl":{"start":{"line":4,"column":25},"end":{"line":4,"column":26}},"loc":{"start":{"line":4,"column":60},"end":{"line":14,"column":1}},"line":4},"1":{"name":"(anonymous_1)","decl":{"start":{"line":9,"column":16},"end":{"line":9,"column":17}},"loc":{"start":{"line":9,"column":23},"end":{"line":9,"column":38}},"line":9}},"branchMap":{},"s":{"0":2,"1":22,"2":25,"3":2},"f":{"0":22,"1":25},"b":{},"_coverageSchema":"1a1c01bbd47fc00a2c39e90264f33305004495a9","hash":"a5ee180c220c900f18bf31fd2a3f637cd292b3eb"}
,"/Users/victormussio/Desktop/Projects/Curso React/func-components-hooks-tests-prettier-eslint/src/templates/Home/index.jsx": {"path":"/Users/victormussio/Desktop/Projects/Curso React/func-components-hooks-tests-prettier-eslint/src/templates/Home/index.jsx","statementMap":{"0":{"start":{"line":8,"column":20},"end":{"line":65,"column":1}},"1":{"start":{"line":9,"column":28},"end":{"line":9,"column":40}},"2":{"start":{"line":10,"column":34},"end":{"line":10,"column":46}},"3":{"start":{"line":11,"column":26},"end":{"line":11,"column":37}},"4":{"start":{"line":12,"column":25},"end":{"line":12,"column":36}},"5":{"start":{"line":13,"column":40},"end":{"line":13,"column":52}},"6":{"start":{"line":15,"column":22},"end":{"line":15,"column":60}},"7":{"start":{"line":17,"column":24},"end":{"line":21,"column":11}},"8":{"start":{"line":19,"column":8},"end":{"line":19,"column":76}},"9":{"start":{"line":23,"column":26},"end":{"line":28,"column":8}},"10":{"start":{"line":24,"column":26},"end":{"line":24,"column":43}},"11":{"start":{"line":26,"column":4},"end":{"line":26,"column":54}},"12":{"start":{"line":27,"column":4},"end":{"line":27,"column":31}},"13":{"start":{"line":30,"column":2},"end":{"line":32,"column":38}},"14":{"start":{"line":31,"column":4},"end":{"line":31,"column":37}},"15":{"start":{"line":34,"column":24},"end":{"line":42,"column":3}},"16":{"start":{"line":35,"column":21},"end":{"line":35,"column":40}},"17":{"start":{"line":36,"column":22},"end":{"line":36,"column":71}},"18":{"start":{"line":38,"column":4},"end":{"line":38,"column":29}},"19":{"start":{"line":40,"column":4},"end":{"line":40,"column":20}},"20":{"start":{"line":41,"column":4},"end":{"line":41,"column":22}},"21":{"start":{"line":44,"column":23},"end":{"line":47,"column":3}},"22":{"start":{"line":45,"column":22},"end":{"line":45,"column":30}},"23":{"start":{"line":46,"column":4},"end":{"line":46,"column":26}},"24":{"start":{"line":49,"column":2},"end":{"line":64,"column":4}},"25":{"start":{"line":54,"column":66},"end":{"line":54,"column":81}}},"fnMap":{"0":{"name":"(anonymous_0)","decl":{"start":{"line":8,"column":20},"end":{"line":8,"column":21}},"loc":{"start":{"line":8,"column":26},"end":{"line":65,"column":1}},"line":8},"1":{"name":"(anonymous_1)","decl":{"start":{"line":18,"column":22},"end":{"line":18,"column":23}},"loc":{"start":{"line":18,"column":32},"end":{"line":20,"column":7}},"line":18},"2":{"name":"(anonymous_2)","decl":{"start":{"line":23,"column":38},"end":{"line":23,"column":39}},"loc":{"start":{"line":23,"column":68},"end":{"line":28,"column":3}},"line":23},"3":{"name":"(anonymous_3)","decl":{"start":{"line":30,"column":12},"end":{"line":30,"column":13}},"loc":{"start":{"line":30,"column":18},"end":{"line":32,"column":3}},"line":30},"4":{"name":"(anonymous_4)","decl":{"start":{"line":34,"column":24},"end":{"line":34,"column":25}},"loc":{"start":{"line":34,"column":30},"end":{"line":42,"column":3}},"line":34},"5":{"name":"(anonymous_5)","decl":{"start":{"line":44,"column":23},"end":{"line":44,"column":24}},"loc":{"start":{"line":44,"column":30},"end":{"line":47,"column":3}},"line":44},"6":{"name":"(anonymous_6)","decl":{"start":{"line":54,"column":59},"end":{"line":54,"column":60}},"loc":{"start":{"line":54,"column":66},"end":{"line":54,"column":81}},"line":54}},"branchMap":{"0":{"loc":{"start":{"line":17,"column":24},"end":{"line":21,"column":11}},"type":"cond-expr","locations":[{"start":{"line":18,"column":6},"end":{"line":20,"column":8}},{"start":{"line":21,"column":6},"end":{"line":21,"column":11}}],"line":17},"1":{"loc":{"start":{"line":52,"column":9},"end":{"line":52,"column":62}},"type":"binary-expr","locations":[{"start":{"line":52,"column":9},"end":{"line":52,"column":22}},{"start":{"line":52,"column":26},"end":{"line":52,"column":62}}],"line":52},"2":{"loc":{"start":{"line":57,"column":7},"end":{"line":57,"column":66}},"type":"binary-expr","locations":[{"start":{"line":57,"column":7},"end":{"line":57,"column":31}},{"start":{"line":57,"column":35},"end":{"line":57,"column":66}}],"line":57},"3":{"loc":{"start":{"line":58,"column":7},"end":{"line":58,"column":62}},"type":"binary-expr","locations":[{"start":{"line":58,"column":7},"end":{"line":58,"column":33}},{"start":{"line":58,"column":37},"end":{"line":58,"column":62}}],"line":58},"4":{"loc":{"start":{"line":61,"column":9},"end":{"line":61,"column":110}},"type":"binary-expr","locations":[{"start":{"line":61,"column":9},"end":{"line":61,"column":21}},{"start":{"line":61,"column":25},"end":{"line":61,"column":110}}],"line":61}},"s":{"0":1,"1":21,"2":20,"3":20,"4":20,"5":20,"6":20,"7":20,"8":36,"9":20,"10":3,"11":3,"12":3,"13":20,"14":3,"15":20,"16":1,"17":1,"18":1,"19":1,"20":1,"21":20,"22":13,"23":13,"24":20,"25":13},"f":{"0":21,"1":36,"2":3,"3":3,"4":1,"5":13,"6":13},"b":{"0":[12,8],"1":[20,12],"2":[20,11],"3":[20,9],"4":[20,8]},"_coverageSchema":"1a1c01bbd47fc00a2c39e90264f33305004495a9","hash":"845b400241cdca075dbeb8d460c42708b6c13992"}
,"/Users/victormussio/Desktop/Projects/Curso React/func-components-hooks-tests-prettier-eslint/src/utils/load-posts.js": {"path":"/Users/victormussio/Desktop/Projects/Curso React/func-components-hooks-tests-prettier-eslint/src/utils/load-posts.js","statementMap":{"0":{"start":{"line":1,"column":25},"end":{"line":14,"column":1}},"1":{"start":{"line":2,"column":24},"end":{"line":2,"column":75}},"2":{"start":{"line":3,"column":25},"end":{"line":3,"column":77}},"3":{"start":{"line":5,"column":26},"end":{"line":5,"column":76}},"4":{"start":{"line":6,"column":20},"end":{"line":6,"column":38}},"5":{"start":{"line":7,"column":21},"end":{"line":7,"column":40}},"6":{"start":{"line":9,"column":24},"end":{"line":11,"column":4}},"7":{"start":{"line":10,"column":4},"end":{"line":10,"column":53}},"8":{"start":{"line":13,"column":2},"end":{"line":13,"column":23}}},"fnMap":{"0":{"name":"(anonymous_0)","decl":{"start":{"line":1,"column":25},"end":{"line":1,"column":26}},"loc":{"start":{"line":1,"column":37},"end":{"line":14,"column":1}},"line":1},"1":{"name":"(anonymous_1)","decl":{"start":{"line":9,"column":38},"end":{"line":9,"column":39}},"loc":{"start":{"line":9,"column":55},"end":{"line":11,"column":3}},"line":9}},"branchMap":{},"s":{"0":1,"1":3,"2":3,"3":3,"4":3,"5":3,"6":3,"7":9,"8":3},"f":{"0":3,"1":9},"b":{},"_coverageSchema":"1a1c01bbd47fc00a2c39e90264f33305004495a9","hash":"4d796ce87b259998d3b8e3b7f918c7a8da3a6903"}
}
