TN:
SF:src/index.js
FNF:0
FNH:0
DA:6,0
DA:7,0
LF:2
LH:0
BRF:0
BRH:0
end_of_record
TN:
SF:src/components/Button/index.jsx
FN:4,(anonymous_0)
FNF:1
FNH:1
FNDA:13,(anonymous_0)
DA:4,2
DA:5,13
DA:12,2
DA:16,2
LF:4
LH:4
BRF:0
BRH:0
end_of_record
TN:
SF:src/components/PostCard/index.jsx
FN:4,(anonymous_0)
FNF:1
FNH:1
FNDA:35,(anonymous_0)
DA:4,3
DA:5,35
DA:14,3
LF:3
LH:3
BRF:0
BRH:0
end_of_record
TN:
SF:src/components/Posts/index.jsx
FN:5,(anonymous_0)
FN:7,(anonymous_1)
FNF:2
FNH:2
FNDA:14,(anonymous_0)
FNDA:33,(anonymous_1)
DA:5,2
DA:6,14
DA:8,33
DA:13,2
DA:17,2
LF:5
LH:5
BRDA:5,0,0,0
BRF:1
BRH:0
end_of_record
TN:
SF:src/components/TextInput/index.jsx
FN:4,(anonymous_0)
FN:9,(anonymous_1)
FNF:2
FNH:2
FNDA:22,(anonymous_0)
FNDA:25,(anonymous_1)
DA:4,2
DA:5,22
DA:9,25
DA:16,2
LF:4
LH:4
BRF:0
BRH:0
end_of_record
TN:
SF:src/templates/Home/index.jsx
FN:8,(anonymous_0)
FN:18,(anonymous_1)
FN:23,(anonymous_2)
FN:30,(anonymous_3)
FN:34,(anonymous_4)
FN:44,(anonymous_5)
FN:54,(anonymous_6)
FNF:7
FNH:7
FNDA:21,(anonymous_0)
FNDA:36,(anonymous_1)
FNDA:3,(anonymous_2)
FNDA:3,(anonymous_3)
FNDA:1,(anonymous_4)
FNDA:13,(anonymous_5)
FNDA:13,(anonymous_6)
DA:8,1
DA:9,21
DA:10,20
DA:11,20
DA:12,20
DA:13,20
DA:15,20
DA:17,20
DA:19,36
DA:23,20
DA:24,3
DA:26,3
DA:27,3
DA:30,20
DA:31,3
DA:34,20
DA:35,1
DA:36,1
DA:38,1
DA:40,1
DA:41,1
DA:44,20
DA:45,13
DA:46,13
DA:49,20
DA:54,13
LF:26
LH:26
BRDA:17,0,0,12
BRDA:17,0,1,8
BRDA:52,1,0,20
BRDA:52,1,1,12
BRDA:57,2,0,20
BRDA:57,2,1,11
BRDA:58,3,0,20
BRDA:58,3,1,9
BRDA:61,4,0,20
BRDA:61,4,1,8
BRF:10
BRH:10
end_of_record
TN:
SF:src/utils/load-posts.js
FN:1,(anonymous_0)
FN:9,(anonymous_1)
FNF:2
FNH:2
FNDA:3,(anonymous_0)
FNDA:9,(anonymous_1)
DA:1,1
DA:2,3
DA:3,3
DA:5,3
DA:6,3
DA:7,3
DA:9,3
DA:10,9
DA:13,3
LF:9
LH:9
BRF:0
BRH:0
end_of_record
